2023-08-27T16:05:48.565+05:30  WARN 18992 --- [HikariPool-1 housekeeper] com.zaxxer.hikari.pool.HikariPool        : HikariPool-1 - Thread starvation or clock leap detected (housekeeper delta=18h46m51s630ms90µs300ns).
2023-08-27T16:06:35.894+05:30  INFO 18992 --- [File Watcher] rtingClassPathChangeChangedEventListener : Restarting due to 1 class path change (0 additions, 0 deletions, 1 modification)
2023-08-27T16:06:36.154+05:30  INFO 18992 --- [Thread-1] o.s.c.n.e.s.EurekaServiceRegistry        : Unregistering application USER-SERVICE with eureka with status DOWN
2023-08-27T16:06:36.185+05:30  INFO 18992 --- [Thread-1] com.netflix.discovery.DiscoveryClient    : Saw local status change event StatusChangeEvent [timestamp=1693132596185, current=DOWN, previous=UP]
2023-08-27T16:06:36.190+05:30  INFO 18992 --- [DiscoveryClient-InstanceInfoReplicator-0] com.netflix.discovery.DiscoveryClient    : DiscoveryClient_USER-SERVICE/LIN80026578.corp.capgemini.com:user-service:2021: registering service...
2023-08-27T16:06:36.546+05:30  INFO 18992 --- [DiscoveryClient-InstanceInfoReplicator-0] com.netflix.discovery.DiscoveryClient    : DiscoveryClient_USER-SERVICE/LIN80026578.corp.capgemini.com:user-service:2021 - registration status: 204
2023-08-27T16:06:36.651+05:30  INFO 18992 --- [Thread-1] o.apache.catalina.core.StandardService   : Stopping service [Tomcat]
2023-08-27T16:06:36.730+05:30  INFO 18992 --- [Thread-1] o.a.c.c.C.[Tomcat].[localhost].[/]       : Destroying Spring FrameworkServlet 'dispatcherServlet'
2023-08-27T16:06:37.803+05:30  INFO 18992 --- [Thread-1] j.LocalContainerEntityManagerFactoryBean : Closing JPA EntityManagerFactory for persistence unit 'default'
2023-08-27T16:06:37.931+05:30  INFO 18992 --- [Thread-1] com.zaxxer.hikari.HikariDataSource       : HikariPool-1 - Shutdown initiated...
2023-08-27T16:06:37.965+05:30  INFO 18992 --- [Thread-1] com.zaxxer.hikari.HikariDataSource       : HikariPool-1 - Shutdown completed.
2023-08-27T16:06:37.969+05:30  INFO 18992 --- [Thread-1] com.netflix.discovery.DiscoveryClient    : Shutting down DiscoveryClient ...
2023-08-27T16:06:40.998+05:30  INFO 18992 --- [Thread-1] com.netflix.discovery.DiscoveryClient    : Unregistering ...
2023-08-27T16:06:41.250+05:30  INFO 18992 --- [Thread-1] com.netflix.discovery.DiscoveryClient    : DiscoveryClient_USER-SERVICE/LIN80026578.corp.capgemini.com:user-service:2021 - deregister  status: 200
2023-08-27T16:06:41.281+05:30  INFO 18992 --- [Thread-1] com.netflix.discovery.DiscoveryClient    : Completed shut down of DiscoveryClient
2023-08-27T16:06:42.929+05:30  INFO 18992 --- [restartedMain] c.c.c.ConfigServicePropertySourceLocator : Fetching config from server at : http://localhost:8888
2023-08-27T16:06:42.934+05:30  INFO 18992 --- [restartedMain] c.c.c.ConfigServicePropertySourceLocator : Exception on Url - http://localhost:8888:org.springframework.web.client.ResourceAccessException: I/O error on GET request for "http://localhost:8888/user-service/default": Connection refused: no further information. Will be trying the next url if available
2023-08-27T16:06:42.934+05:30  WARN 18992 --- [restartedMain] c.c.c.ConfigServicePropertySourceLocator : Could not locate PropertySource: I/O error on GET request for "http://localhost:8888/user-service/default": Connection refused: no further information
2023-08-27T16:06:42.935+05:30  INFO 18992 --- [restartedMain] com.capg.UserServiceApplication          : No active profile set, falling back to 1 default profile: "default"
2023-08-27T16:06:43.573+05:30  INFO 18992 --- [restartedMain] .s.d.r.c.RepositoryConfigurationDelegate : Bootstrapping Spring Data JPA repositories in DEFAULT mode.
2023-08-27T16:06:43.607+05:30  INFO 18992 --- [restartedMain] .s.d.r.c.RepositoryConfigurationDelegate : Finished Spring Data repository scanning in 33 ms. Found 1 JPA repository interfaces.
2023-08-27T16:06:43.880+05:30  INFO 18992 --- [restartedMain] o.s.cloud.context.scope.GenericScope     : BeanFactory id=623ce64f-8a1f-3c65-8cd0-dbde4cc319cb
2023-08-27T16:06:43.956+05:30  INFO 18992 --- [restartedMain] trationDelegate$BeanPostProcessorChecker : Bean 'com.capg.feignClient.AmbulanceServiceFeign' of type [org.springframework.cloud.openfeign.FeignClientFactoryBean] is not eligible for getting processed by all BeanPostProcessors (for example: not eligible for auto-proxying)
2023-08-27T16:06:43.959+05:30  INFO 18992 --- [restartedMain] trationDelegate$BeanPostProcessorChecker : Bean 'com.capg.feignClient.BookingServiceFeign' of type [org.springframework.cloud.openfeign.FeignClientFactoryBean] is not eligible for getting processed by all BeanPostProcessors (for example: not eligible for auto-proxying)
2023-08-27T16:06:43.961+05:30  INFO 18992 --- [restartedMain] trationDelegate$BeanPostProcessorChecker : Bean 'com.capg.feignClient.HospitalServiceFeign' of type [org.springframework.cloud.openfeign.FeignClientFactoryBean] is not eligible for getting processed by all BeanPostProcessors (for example: not eligible for auto-proxying)
2023-08-27T16:06:44.094+05:30  INFO 18992 --- [restartedMain] o.s.b.w.embedded.tomcat.TomcatWebServer  : Tomcat initialized with port(s): 2021 (http)
2023-08-27T16:06:44.094+05:30  INFO 18992 --- [restartedMain] o.apache.catalina.core.StandardService   : Starting service [Tomcat]
2023-08-27T16:06:44.095+05:30  INFO 18992 --- [restartedMain] o.apache.catalina.core.StandardEngine    : Starting Servlet engine: [Apache Tomcat/10.1.11]
2023-08-27T16:06:44.152+05:30  INFO 18992 --- [restartedMain] o.a.c.c.C.[Tomcat].[localhost].[/]       : Initializing Spring embedded WebApplicationContext
2023-08-27T16:06:44.152+05:30  INFO 18992 --- [restartedMain] w.s.c.ServletWebServerApplicationContext : Root WebApplicationContext: initialization completed in 1212 ms
2023-08-27T16:06:44.178+05:30  INFO 18992 --- [restartedMain] com.zaxxer.hikari.HikariDataSource       : HikariPool-2 - Starting...
2023-08-27T16:06:44.423+05:30  INFO 18992 --- [restartedMain] com.zaxxer.hikari.pool.HikariPool        : HikariPool-2 - Added connection org.postgresql.jdbc.PgConnection@13eb401b
2023-08-27T16:06:44.423+05:30  INFO 18992 --- [restartedMain] com.zaxxer.hikari.HikariDataSource       : HikariPool-2 - Start completed.
2023-08-27T16:06:44.424+05:30  INFO 18992 --- [restartedMain] o.s.b.a.h2.H2ConsoleAutoConfiguration    : H2 console available at '/h2-console'. Database available at 'jdbc:postgresql://localhost:5433/User_ServiceDB'
2023-08-27T16:06:44.497+05:30  INFO 18992 --- [restartedMain] o.hibernate.jpa.internal.util.LogHelper  : HHH000204: Processing PersistenceUnitInfo [name: default]
2023-08-27T16:06:44.523+05:30  INFO 18992 --- [restartedMain] o.h.b.i.BytecodeProviderInitiator        : HHH000021: Bytecode provider name : bytebuddy
2023-08-27T16:06:44.524+05:30  INFO 18992 --- [restartedMain] o.s.o.j.p.SpringPersistenceUnitInfo      : No LoadTimeWeaver setup: ignoring JPA class transformer
2023-08-27T16:06:44.560+05:30  INFO 18992 --- [restartedMain] o.h.b.i.BytecodeProviderInitiator        : HHH000021: Bytecode provider name : bytebuddy
2023-08-27T16:06:44.627+05:30  INFO 18992 --- [restartedMain] o.h.e.t.j.p.i.JtaPlatformInitiator       : HHH000490: Using JtaPlatform implementation: [org.hibernate.engine.transaction.jta.platform.internal.NoJtaPlatform]
2023-08-27T16:06:44.667+05:30  INFO 18992 --- [restartedMain] j.LocalContainerEntityManagerFactoryBean : Initialized JPA EntityManagerFactory for persistence unit 'default'
2023-08-27T16:06:44.911+05:30  WARN 18992 --- [restartedMain] JpaBaseConfiguration$JpaWebConfiguration : spring.jpa.open-in-view is enabled by default. Therefore, database queries may be performed during view rendering. Explicitly configure spring.jpa.open-in-view to disable this warning
2023-08-27T16:06:44.982+05:30  WARN 18992 --- [restartedMain] o.s.b.d.a.OptionalLiveReloadServer       : Unable to start LiveReload server
2023-08-27T16:06:46.038+05:30  INFO 18992 --- [restartedMain] DiscoveryClientOptionalArgsConfiguration : Eureka HTTP Client uses RestTemplate.
2023-08-27T16:06:46.562+05:30  WARN 18992 --- [restartedMain] iguration$LoadBalancerCaffeineWarnLogger : Spring Cloud LoadBalancer is currently working with the default cache. While this cache implementation is useful for development and tests, it's recommended to use Caffeine cache in production.You can switch to using Caffeine cache, by adding it and org.springframework.cache.caffeine.CaffeineCacheManager to the classpath.
2023-08-27T16:06:46.651+05:30  INFO 18992 --- [restartedMain] o.s.c.n.eureka.InstanceInfoFactory       : Setting initial instance status as: STARTING
2023-08-27T16:06:46.660+05:30  INFO 18992 --- [restartedMain] com.netflix.discovery.DiscoveryClient    : Initializing Eureka in region us-east-1
2023-08-27T16:06:46.660+05:30  INFO 18992 --- [restartedMain] c.n.d.s.r.aws.ConfigClusterResolver      : Resolving eureka endpoints via configuration
2023-08-27T16:06:46.683+05:30  INFO 18992 --- [restartedMain] com.netflix.discovery.DiscoveryClient    : Disable delta property : false
2023-08-27T16:06:46.683+05:30  INFO 18992 --- [restartedMain] com.netflix.discovery.DiscoveryClient    : Single vip registry refresh property : null
2023-08-27T16:06:46.683+05:30  INFO 18992 --- [restartedMain] com.netflix.discovery.DiscoveryClient    : Force full registry fetch : false
2023-08-27T16:06:46.684+05:30  INFO 18992 --- [restartedMain] com.netflix.discovery.DiscoveryClient    : Application is null : false
2023-08-27T16:06:46.684+05:30  INFO 18992 --- [restartedMain] com.netflix.discovery.DiscoveryClient    : Registered Applications size is zero : true
2023-08-27T16:06:46.684+05:30  INFO 18992 --- [restartedMain] com.netflix.discovery.DiscoveryClient    : Application version is -1: true
2023-08-27T16:06:46.684+05:30  INFO 18992 --- [restartedMain] com.netflix.discovery.DiscoveryClient    : Getting all instance registry info from the eureka server
2023-08-27T16:06:46.753+05:30  INFO 18992 --- [restartedMain] com.netflix.discovery.DiscoveryClient    : The response status is 200
2023-08-27T16:06:46.754+05:30  INFO 18992 --- [restartedMain] com.netflix.discovery.DiscoveryClient    : Starting heartbeat executor: renew interval is: 30
2023-08-27T16:06:46.755+05:30  INFO 18992 --- [restartedMain] c.n.discovery.InstanceInfoReplicator     : InstanceInfoReplicator onDemand update allowed rate per min is 4
2023-08-27T16:06:46.756+05:30  INFO 18992 --- [restartedMain] com.netflix.discovery.DiscoveryClient    : Discovery Client initialized at timestamp 1693132606756 with initial instances count: 6
2023-08-27T16:06:46.759+05:30  INFO 18992 --- [restartedMain] o.s.c.n.e.s.EurekaServiceRegistry        : Registering application USER-SERVICE with eureka with status UP
2023-08-27T16:06:46.759+05:30  INFO 18992 --- [restartedMain] com.netflix.discovery.DiscoveryClient    : Saw local status change event StatusChangeEvent [timestamp=1693132606759, current=UP, previous=STARTING]
2023-08-27T16:06:46.763+05:30  INFO 18992 --- [DiscoveryClient-InstanceInfoReplicator-0] com.netflix.discovery.DiscoveryClient    : DiscoveryClient_USER-SERVICE/LIN80026578.corp.capgemini.com:user-service:2021: registering service...
2023-08-27T16:06:46.768+05:30  INFO 18992 --- [restartedMain] o.s.b.w.embedded.tomcat.TomcatWebServer  : Tomcat started on port(s): 2021 (http) with context path ''
2023-08-27T16:06:46.770+05:30  INFO 18992 --- [restartedMain] .s.c.n.e.s.EurekaAutoServiceRegistration : Updating port to 2021
2023-08-27T16:06:46.778+05:30  INFO 18992 --- [DiscoveryClient-InstanceInfoReplicator-0] com.netflix.discovery.DiscoveryClient    : DiscoveryClient_USER-SERVICE/LIN80026578.corp.capgemini.com:user-service:2021 - registration status: 204
2023-08-27T16:06:47.801+05:30  INFO 18992 --- [restartedMain] com.capg.UserServiceApplication          : Started UserServiceApplication in 5.725 seconds (process running for 233167.886)
2023-08-27T16:06:47.812+05:30  INFO 18992 --- [restartedMain] .ConditionEvaluationDeltaLoggingListener : Condition evaluation unchanged
